<?xml version="1.0" encoding="UTF-8"?>
<!-- Generated by org.testng.reporters.JUnitXMLReporter -->
<testsuite ignored="5" hostname="gulcans-MacBook-Pro.local" failures="0" tests="7" name="exampletest1" time="111.051" errors="0" timestamp="30 Oct 2018 21:26:26 GMT">
  <testcase classname="Register" name="invalidNumber" time="7.155"/>
  <testcase classname="Register" name="register" time="20.929"/>
  <testcase classname="Register" name="tstizin" time="10.546"/>
  <testcase classname="makePlan" name="makeSelection" time="42.752"/>
  <testcase classname="makeComment" name="makeComment" time="15.311"/>
  <testcase classname="joinPlan" name="timelineJoin" time="2.801"/>
  <testcase classname="timelineInvitedButton" name="timelineChat" time="6.6"/>
  <testcase classname="Cap" name="@BeforeSuite setUp" time="0.0">
    <ignored/>
  </testcase> <!-- @BeforeSuite setUp -->
  <testcase classname="Cap" name="@BeforeSuite setUp" time="0.0">
    <ignored/>
  </testcase> <!-- @BeforeSuite setUp -->
  <testcase classname="Cap" name="@BeforeSuite setUp" time="0.0">
    <ignored/>
  </testcase> <!-- @BeforeSuite setUp -->
  <testcase classname="Cap" name="@BeforeSuite setUp" time="0.0">
    <ignored/>
  </testcase> <!-- @BeforeSuite setUp -->
  <testcase classname="Cap" name="@BeforeSuite setUp" time="0.0">
    <ignored/>
  </testcase> <!-- @BeforeSuite setUp -->
</testsuite> <!-- exampletest1 -->
