<?xml version="1.0" encoding="UTF-8"?>
<testsuite xmlns:xsi="http://www.w3.org/2001/XMLSchema-instance" xsi:schemaLocation="https://maven.apache.org/surefire/maven-surefire-plugin/xsd/surefire-test-report.xsd" name="TestSuite" time="150.501" tests="10" errors="0" skipped="0" failures="5">
  <properties>
[...]
</properties>
  <testcase name="invalidNumber" classname="Register" time="7.924"/>
  <testcase name="register" classname="Register" time="21.284"/>
  <testcase name="tstizin" classname="Register" time="13.883"/>
  <testcase name="makeSelection" classname="makePlan" time="16.261">
    <failure message="An element could not be located on the page using the given search parameters. (WARNING: The server did not provide any stacktrace information)&#10;Command duration or timeout: 0 milliseconds&#10;For documentation on this error, please visit: http://seleniumhq.org/exceptions/no_such_element.html&#10;Build info: version: &apos;3.13.0&apos;, revision: &apos;2f0d292&apos;, time: &apos;2018-06-25T15:24:21.231Z&apos;&#10;System info: host: &apos;gulcans-MacBook-Pro.local&apos;, ip: &apos;fe80:0:0:0:52:1551:4aa3:9aac%en0&apos;, os.name: &apos;Mac OS X&apos;, os.arch: &apos;x86_64&apos;, os.version: &apos;10.13.5&apos;, java.version: &apos;10.0.1&apos;&#10;Driver info: io.appium.java_client.android.AndroidDriver&#10;Capabilities {app: /Users/gulcanocak/Downloads..., appActivity: com.humally.activities.Spla..., appPackage: com.humally, appWaitActivity: com.humally.activities.Spla..., appWaitPackage: com.humally, databaseEnabled: false, desired: {app: /Users/gulcanocak/Downloads..., deviceName: Nexus 5X API 27, newCommandTimeout: 4000, platformName: Android}, deviceManufacturer: Google, deviceModel: Android SDK built for x86, deviceName: emulator-5554, deviceScreenSize: 1080x1920, deviceUDID: emulator-5554, javascriptEnabled: true, locationContextEnabled: false, networkConnectionEnabled: true, newCommandTimeout: 4000, platform: LINUX, platformName: LINUX, platformVersion: 8.1.0, takesScreenshot: true, warnings: {}, webStorageEnabled: false}&#10;Session ID: 247212c9-9631-44f2-b3c0-cba018d9b4c8&#10;*** Element info: {Using=xpath, value=//android.view.View[@content-desc=&quot;31 October 2018&quot;]}" type="org.openqa.selenium.NoSuchElementException">org.openqa.selenium.NoSuchElementException: 
An element could not be located on the page using the given search parameters. (WARNING: The server did not provide any stacktrace information)
Command duration or timeout: 0 milliseconds
For documentation on this error, please visit: http://seleniumhq.org/exceptions/no_such_element.html
Build info: version: '3.13.0', revision: '2f0d292', time: '2018-06-25T15:24:21.231Z'
System info: host: 'gulcans-MacBook-Pro.local', ip: 'fe80:0:0:0:52:1551:4aa3:9aac%en0', os.name: 'Mac OS X', os.arch: 'x86_64', os.version: '10.13.5', java.version: '10.0.1'
Driver info: io.appium.java_client.android.AndroidDriver
Capabilities {app: /Users/gulcanocak/Downloads..., appActivity: com.humally.activities.Spla..., appPackage: com.humally, appWaitActivity: com.humally.activities.Spla..., appWaitPackage: com.humally, databaseEnabled: false, desired: {app: /Users/gulcanocak/Downloads..., deviceName: Nexus 5X API 27, newCommandTimeout: 4000, platformName: Android}, deviceManufacturer: Google, deviceModel: Android SDK built for x86, deviceName: emulator-5554, deviceScreenSize: 1080x1920, deviceUDID: emulator-5554, javascriptEnabled: true, locationContextEnabled: false, networkConnectionEnabled: true, newCommandTimeout: 4000, platform: LINUX, platformName: LINUX, platformVersion: 8.1.0, takesScreenshot: true, warnings: {}, webStorageEnabled: false}
Session ID: 247212c9-9631-44f2-b3c0-cba018d9b4c8
*** Element info: {Using=xpath, value=//android.view.View[@content-desc="31 October 2018"]}
	at makePlan.makeSelection(makePlan.java:34)
</failure>
    <system-out><![CDATA[*** Make plan test ***
]]></system-out>
  </testcase>
  <testcase name="timelineJoin" classname="joinPlan" time="7.385">
    <failure message="An element could not be located on the page using the given search parameters. (WARNING: The server did not provide any stacktrace information)&#10;Command duration or timeout: 0 milliseconds&#10;For documentation on this error, please visit: http://seleniumhq.org/exceptions/no_such_element.html&#10;Build info: version: &apos;3.13.0&apos;, revision: &apos;2f0d292&apos;, time: &apos;2018-06-25T15:24:21.231Z&apos;&#10;System info: host: &apos;gulcans-MacBook-Pro.local&apos;, ip: &apos;fe80:0:0:0:52:1551:4aa3:9aac%en0&apos;, os.name: &apos;Mac OS X&apos;, os.arch: &apos;x86_64&apos;, os.version: &apos;10.13.5&apos;, java.version: &apos;10.0.1&apos;&#10;Driver info: io.appium.java_client.android.AndroidDriver&#10;Capabilities {app: /Users/gulcanocak/Downloads..., appActivity: com.humally.activities.Spla..., appPackage: com.humally, appWaitActivity: com.humally.activities.Spla..., appWaitPackage: com.humally, databaseEnabled: false, desired: {app: /Users/gulcanocak/Downloads..., deviceName: Nexus 5X API 27, newCommandTimeout: 4000, platformName: Android}, deviceManufacturer: Google, deviceModel: Android SDK built for x86, deviceName: emulator-5554, deviceScreenSize: 1080x1920, deviceUDID: emulator-5554, javascriptEnabled: true, locationContextEnabled: false, networkConnectionEnabled: true, newCommandTimeout: 4000, platform: LINUX, platformName: LINUX, platformVersion: 8.1.0, takesScreenshot: true, warnings: {}, webStorageEnabled: false}&#10;Session ID: 247212c9-9631-44f2-b3c0-cba018d9b4c8&#10;*** Element info: {Using=-android uiautomator, value=new UiScrollable(new UiSelector().scrollable(true)).scrollIntoView(text(&quot;JOIN&quot;));}" type="org.openqa.selenium.NoSuchElementException">org.openqa.selenium.NoSuchElementException: 
An element could not be located on the page using the given search parameters. (WARNING: The server did not provide any stacktrace information)
Command duration or timeout: 0 milliseconds
For documentation on this error, please visit: http://seleniumhq.org/exceptions/no_such_element.html
Build info: version: '3.13.0', revision: '2f0d292', time: '2018-06-25T15:24:21.231Z'
System info: host: 'gulcans-MacBook-Pro.local', ip: 'fe80:0:0:0:52:1551:4aa3:9aac%en0', os.name: 'Mac OS X', os.arch: 'x86_64', os.version: '10.13.5', java.version: '10.0.1'
Driver info: io.appium.java_client.android.AndroidDriver
Capabilities {app: /Users/gulcanocak/Downloads..., appActivity: com.humally.activities.Spla..., appPackage: com.humally, appWaitActivity: com.humally.activities.Spla..., appWaitPackage: com.humally, databaseEnabled: false, desired: {app: /Users/gulcanocak/Downloads..., deviceName: Nexus 5X API 27, newCommandTimeout: 4000, platformName: Android}, deviceManufacturer: Google, deviceModel: Android SDK built for x86, deviceName: emulator-5554, deviceScreenSize: 1080x1920, deviceUDID: emulator-5554, javascriptEnabled: true, locationContextEnabled: false, networkConnectionEnabled: true, newCommandTimeout: 4000, platform: LINUX, platformName: LINUX, platformVersion: 8.1.0, takesScreenshot: true, warnings: {}, webStorageEnabled: false}
Session ID: 247212c9-9631-44f2-b3c0-cba018d9b4c8
*** Element info: {Using=-android uiautomator, value=new UiScrollable(new UiSelector().scrollable(true)).scrollIntoView(text("JOIN"));}
	at joinPlan.timelineJoin(joinPlan.java:20)
</failure>
    <system-out><![CDATA[*** Timeline join test ***
]]></system-out>
  </testcase>
  <testcase name="timelineChat" classname="timelineInvitedButton" time="22.057">
    <failure message="An element could not be located on the page using the given search parameters. (WARNING: The server did not provide any stacktrace information)&#10;Command duration or timeout: 0 milliseconds&#10;For documentation on this error, please visit: http://seleniumhq.org/exceptions/no_such_element.html&#10;Build info: version: &apos;3.13.0&apos;, revision: &apos;2f0d292&apos;, time: &apos;2018-06-25T15:24:21.231Z&apos;&#10;System info: host: &apos;gulcans-MacBook-Pro.local&apos;, ip: &apos;fe80:0:0:0:52:1551:4aa3:9aac%en0&apos;, os.name: &apos;Mac OS X&apos;, os.arch: &apos;x86_64&apos;, os.version: &apos;10.13.5&apos;, java.version: &apos;10.0.1&apos;&#10;Driver info: io.appium.java_client.android.AndroidDriver&#10;Capabilities {app: /Users/gulcanocak/Downloads..., appActivity: com.humally.activities.Spla..., appPackage: com.humally, appWaitActivity: com.humally.activities.Spla..., appWaitPackage: com.humally, databaseEnabled: false, desired: {app: /Users/gulcanocak/Downloads..., deviceName: Nexus 5X API 27, newCommandTimeout: 4000, platformName: Android}, deviceManufacturer: Google, deviceModel: Android SDK built for x86, deviceName: emulator-5554, deviceScreenSize: 1080x1920, deviceUDID: emulator-5554, javascriptEnabled: true, locationContextEnabled: false, networkConnectionEnabled: true, newCommandTimeout: 4000, platform: LINUX, platformName: LINUX, platformVersion: 8.1.0, takesScreenshot: true, warnings: {}, webStorageEnabled: false}&#10;Session ID: 247212c9-9631-44f2-b3c0-cba018d9b4c8&#10;*** Element info: {Using=-android uiautomator, value=new UiScrollable(new UiSelector().scrollable(true)).scrollIntoView(text(&quot;INVITED&quot;));}" type="org.openqa.selenium.NoSuchElementException">org.openqa.selenium.NoSuchElementException: 
An element could not be located on the page using the given search parameters. (WARNING: The server did not provide any stacktrace information)
Command duration or timeout: 0 milliseconds
For documentation on this error, please visit: http://seleniumhq.org/exceptions/no_such_element.html
Build info: version: '3.13.0', revision: '2f0d292', time: '2018-06-25T15:24:21.231Z'
System info: host: 'gulcans-MacBook-Pro.local', ip: 'fe80:0:0:0:52:1551:4aa3:9aac%en0', os.name: 'Mac OS X', os.arch: 'x86_64', os.version: '10.13.5', java.version: '10.0.1'
Driver info: io.appium.java_client.android.AndroidDriver
Capabilities {app: /Users/gulcanocak/Downloads..., appActivity: com.humally.activities.Spla..., appPackage: com.humally, appWaitActivity: com.humally.activities.Spla..., appWaitPackage: com.humally, databaseEnabled: false, desired: {app: /Users/gulcanocak/Downloads..., deviceName: Nexus 5X API 27, newCommandTimeout: 4000, platformName: Android}, deviceManufacturer: Google, deviceModel: Android SDK built for x86, deviceName: emulator-5554, deviceScreenSize: 1080x1920, deviceUDID: emulator-5554, javascriptEnabled: true, locationContextEnabled: false, networkConnectionEnabled: true, newCommandTimeout: 4000, platform: LINUX, platformName: LINUX, platformVersion: 8.1.0, takesScreenshot: true, warnings: {}, webStorageEnabled: false}
Session ID: 247212c9-9631-44f2-b3c0-cba018d9b4c8
*** Element info: {Using=-android uiautomator, value=new UiScrollable(new UiSelector().scrollable(true)).scrollIntoView(text("INVITED"));}
	at timelineInvitedButton.timelineChat(timelineInvitedButton.java:22)
</failure>
    <system-out><![CDATA[*** Timeline invited control test ***
]]></system-out>
  </testcase>
  <testcase name="makeComment" classname="makeComment" time="16.109">
    <failure message="An unknown server-side error occurred while processing the command. Original error: Failed to execute touch event (WARNING: The server did not provide any stacktrace information)&#10;Command duration or timeout: 0 milliseconds&#10;Build info: version: &apos;3.13.0&apos;, revision: &apos;2f0d292&apos;, time: &apos;2018-06-25T15:24:21.231Z&apos;&#10;System info: host: &apos;gulcans-MacBook-Pro.local&apos;, ip: &apos;fe80:0:0:0:52:1551:4aa3:9aac%en0&apos;, os.name: &apos;Mac OS X&apos;, os.arch: &apos;x86_64&apos;, os.version: &apos;10.13.5&apos;, java.version: &apos;10.0.1&apos;&#10;Driver info: io.appium.java_client.android.AndroidDriver&#10;Capabilities {app: /Users/gulcanocak/Downloads..., appActivity: com.humally.activities.Spla..., appPackage: com.humally, appWaitActivity: com.humally.activities.Spla..., appWaitPackage: com.humally, databaseEnabled: false, desired: {app: /Users/gulcanocak/Downloads..., deviceName: Nexus 5X API 27, newCommandTimeout: 4000, platformName: Android}, deviceManufacturer: Google, deviceModel: Android SDK built for x86, deviceName: emulator-5554, deviceScreenSize: 1080x1920, deviceUDID: emulator-5554, javascriptEnabled: true, locationContextEnabled: false, networkConnectionEnabled: true, newCommandTimeout: 4000, platform: LINUX, platformName: LINUX, platformVersion: 8.1.0, takesScreenshot: true, warnings: {}, webStorageEnabled: false}&#10;Session ID: 247212c9-9631-44f2-b3c0-cba018d9b4c8" type="org.openqa.selenium.WebDriverException">org.openqa.selenium.WebDriverException: 
An unknown server-side error occurred while processing the command. Original error: Failed to execute touch event (WARNING: The server did not provide any stacktrace information)
Command duration or timeout: 0 milliseconds
Build info: version: '3.13.0', revision: '2f0d292', time: '2018-06-25T15:24:21.231Z'
System info: host: 'gulcans-MacBook-Pro.local', ip: 'fe80:0:0:0:52:1551:4aa3:9aac%en0', os.name: 'Mac OS X', os.arch: 'x86_64', os.version: '10.13.5', java.version: '10.0.1'
Driver info: io.appium.java_client.android.AndroidDriver
Capabilities {app: /Users/gulcanocak/Downloads..., appActivity: com.humally.activities.Spla..., appPackage: com.humally, appWaitActivity: com.humally.activities.Spla..., appWaitPackage: com.humally, databaseEnabled: false, desired: {app: /Users/gulcanocak/Downloads..., deviceName: Nexus 5X API 27, newCommandTimeout: 4000, platformName: Android}, deviceManufacturer: Google, deviceModel: Android SDK built for x86, deviceName: emulator-5554, deviceScreenSize: 1080x1920, deviceUDID: emulator-5554, javascriptEnabled: true, locationContextEnabled: false, networkConnectionEnabled: true, newCommandTimeout: 4000, platform: LINUX, platformName: LINUX, platformVersion: 8.1.0, takesScreenshot: true, warnings: {}, webStorageEnabled: false}
Session ID: 247212c9-9631-44f2-b3c0-cba018d9b4c8
	at makeComment.makeComment(makeComment.java:26)
</failure>
    <system-out><![CDATA[*** Make comment control test ***
]]></system-out>
  </testcase>
  <testcase name="deletePlan" classname="deletePlan" time="5.288"/>
  <testcase name="timelineJoin" classname="inspirationInterest" time="15.164"/>
  <testcase name="newChat" classname="chat" time="12.395">
    <failure message="An element could not be located on the page using the given search parameters. (WARNING: The server did not provide any stacktrace information)&#10;Command duration or timeout: 0 milliseconds&#10;For documentation on this error, please visit: http://seleniumhq.org/exceptions/no_such_element.html&#10;Build info: version: &apos;3.13.0&apos;, revision: &apos;2f0d292&apos;, time: &apos;2018-06-25T15:24:21.231Z&apos;&#10;System info: host: &apos;gulcans-MacBook-Pro.local&apos;, ip: &apos;fe80:0:0:0:52:1551:4aa3:9aac%en0&apos;, os.name: &apos;Mac OS X&apos;, os.arch: &apos;x86_64&apos;, os.version: &apos;10.13.5&apos;, java.version: &apos;10.0.1&apos;&#10;Driver info: io.appium.java_client.android.AndroidDriver&#10;Capabilities {app: /Users/gulcanocak/Downloads..., appActivity: com.humally.activities.Spla..., appPackage: com.humally, appWaitActivity: com.humally.activities.Spla..., appWaitPackage: com.humally, databaseEnabled: false, desired: {app: /Users/gulcanocak/Downloads..., deviceName: Nexus 5X API 27, newCommandTimeout: 4000, platformName: Android}, deviceManufacturer: Google, deviceModel: Android SDK built for x86, deviceName: emulator-5554, deviceScreenSize: 1080x1920, deviceUDID: emulator-5554, javascriptEnabled: true, locationContextEnabled: false, networkConnectionEnabled: true, newCommandTimeout: 4000, platform: LINUX, platformName: LINUX, platformVersion: 8.1.0, takesScreenshot: true, warnings: {}, webStorageEnabled: false}&#10;Session ID: 247212c9-9631-44f2-b3c0-cba018d9b4c8&#10;*** Element info: {Using=id, value=com.humally:id/lblTitle}" type="org.openqa.selenium.NoSuchElementException">org.openqa.selenium.NoSuchElementException: 
An element could not be located on the page using the given search parameters. (WARNING: The server did not provide any stacktrace information)
Command duration or timeout: 0 milliseconds
For documentation on this error, please visit: http://seleniumhq.org/exceptions/no_such_element.html
Build info: version: '3.13.0', revision: '2f0d292', time: '2018-06-25T15:24:21.231Z'
System info: host: 'gulcans-MacBook-Pro.local', ip: 'fe80:0:0:0:52:1551:4aa3:9aac%en0', os.name: 'Mac OS X', os.arch: 'x86_64', os.version: '10.13.5', java.version: '10.0.1'
Driver info: io.appium.java_client.android.AndroidDriver
Capabilities {app: /Users/gulcanocak/Downloads..., appActivity: com.humally.activities.Spla..., appPackage: com.humally, appWaitActivity: com.humally.activities.Spla..., appWaitPackage: com.humally, databaseEnabled: false, desired: {app: /Users/gulcanocak/Downloads..., deviceName: Nexus 5X API 27, newCommandTimeout: 4000, platformName: Android}, deviceManufacturer: Google, deviceModel: Android SDK built for x86, deviceName: emulator-5554, deviceScreenSize: 1080x1920, deviceUDID: emulator-5554, javascriptEnabled: true, locationContextEnabled: false, networkConnectionEnabled: true, newCommandTimeout: 4000, platform: LINUX, platformName: LINUX, platformVersion: 8.1.0, takesScreenshot: true, warnings: {}, webStorageEnabled: false}
Session ID: 247212c9-9631-44f2-b3c0-cba018d9b4c8
*** Element info: {Using=id, value=com.humally:id/lblTitle}
	at chat.newChat(chat.java:31)
</failure>
    <system-out><![CDATA[*** Chat test ***
]]></system-out>
  </testcase>
</testsuite>